INFO - 2024-09-26 04:07:46 --> Session: Class initialized using 'CodeIgniter\Session\Handlers\FileHandler' driver.
INFO - 2024-09-26 04:08:24 --> Session: Class initialized using 'CodeIgniter\Session\Handlers\FileHandler' driver.
INFO - 2024-09-26 04:08:29 --> Session: Class initialized using 'CodeIgniter\Session\Handlers\FileHandler' driver.
INFO - 2024-09-26 04:08:47 --> Session: Class initialized using 'CodeIgniter\Session\Handlers\FileHandler' driver.
INFO - 2024-09-26 04:08:59 --> Session: Class initialized using 'CodeIgniter\Session\Handlers\FileHandler' driver.
INFO - 2024-09-26 04:09:09 --> Session: Class initialized using 'CodeIgniter\Session\Handlers\FileHandler' driver.
INFO - 2024-09-26 04:09:12 --> Session: Class initialized using 'CodeIgniter\Session\Handlers\FileHandler' driver.
INFO - 2024-09-26 04:10:11 --> Session: Class initialized using 'CodeIgniter\Session\Handlers\FileHandler' driver.
INFO - 2024-09-26 05:57:44 --> Session: Class initialized using 'CodeIgniter\Session\Handlers\FileHandler' driver.
INFO - 2024-09-26 05:57:48 --> Session: Class initialized using 'CodeIgniter\Session\Handlers\FileHandler' driver.
INFO - 2024-09-26 07:35:28 --> Session: Class initialized using 'CodeIgniter\Session\Handlers\FileHandler' driver.
INFO - 2024-09-26 07:39:10 --> Session: Class initialized using 'CodeIgniter\Session\Handlers\FileHandler' driver.
INFO - 2024-09-26 07:39:13 --> Session: Class initialized using 'CodeIgniter\Session\Handlers\FileHandler' driver.
INFO - 2024-09-26 08:47:32 --> Session: Class initialized using 'CodeIgniter\Session\Handlers\FileHandler' driver.
INFO - 2024-09-26 08:58:50 --> Session: Class initialized using 'CodeIgniter\Session\Handlers\FileHandler' driver.
INFO - 2024-09-26 08:58:56 --> Session: Class initialized using 'CodeIgniter\Session\Handlers\FileHandler' driver.
INFO - 2024-09-26 08:59:06 --> Session: Class initialized using 'CodeIgniter\Session\Handlers\FileHandler' driver.
INFO - 2024-09-26 08:59:08 --> Session: Class initialized using 'CodeIgniter\Session\Handlers\FileHandler' driver.
INFO - 2024-09-26 08:59:17 --> Session: Class initialized using 'CodeIgniter\Session\Handlers\FileHandler' driver.
INFO - 2024-09-26 08:59:21 --> Session: Class initialized using 'CodeIgniter\Session\Handlers\FileHandler' driver.
INFO - 2024-09-26 08:59:34 --> Session: Class initialized using 'CodeIgniter\Session\Handlers\FileHandler' driver.
INFO - 2024-09-26 08:59:49 --> Session: Class initialized using 'CodeIgniter\Session\Handlers\FileHandler' driver.
INFO - 2024-09-26 09:00:10 --> Session: Class initialized using 'CodeIgniter\Session\Handlers\FileHandler' driver.
INFO - 2024-09-26 09:00:14 --> Session: Class initialized using 'CodeIgniter\Session\Handlers\FileHandler' driver.
CRITICAL - 2024-09-26 09:00:14 --> Attempt to read property "id_produk" on array
in APPPATH\Views\user\products\index.php on line 34.
 1 APPPATH\Views\user\products\index.php(34): CodeIgniter\Debug\Exceptions->errorHandler(2, 'Attempt to read property "id_produk" on array', 'C:\\xampp\\htdocs\\7_marhab.kadinkotamalang.com\\7\\app\\Views\\user\\products\\index.php', 34)
 2 SYSTEMPATH\View\View.php(224): include('C:\\xampp\\htdocs\\7_marhab.kadinkotamalang.com\\7\\app\\Views\\user\\products\\index.php')
 3 SYSTEMPATH\View\View.php(227): CodeIgniter\View\View->CodeIgniter\View\{closure}()
 4 SYSTEMPATH\Common.php(1180): CodeIgniter\View\View->render('user/products/index', [], true)
 5 APPPATH\Controllers\user\Productsctrl.php(59): view('user/products/index', [...])
 6 SYSTEMPATH\CodeIgniter.php(932): App\Controllers\user\Productsctrl->index()
 7 SYSTEMPATH\CodeIgniter.php(497): CodeIgniter\CodeIgniter->runController(Object(App\Controllers\user\Productsctrl))
 8 SYSTEMPATH\CodeIgniter.php(366): CodeIgniter\CodeIgniter->handleRequest(null, Object(Config\Cache), false)
 9 FCPATH\index.php(67): CodeIgniter\CodeIgniter->run()
10 SYSTEMPATH\Commands\Server\rewrite.php(47): require_once('C:\\xampp\\htdocs\\7_marhab.kadinkotamalang.com\\7\\public\\index.php')
INFO - 2024-09-26 09:02:16 --> Session: Class initialized using 'CodeIgniter\Session\Handlers\FileHandler' driver.
CRITICAL - 2024-09-26 09:02:16 --> Attempt to read property "id_produk" on array
in APPPATH\Views\user\products\index.php on line 34.
 1 APPPATH\Views\user\products\index.php(34): CodeIgniter\Debug\Exceptions->errorHandler(2, 'Attempt to read property "id_produk" on array', 'C:\\xampp\\htdocs\\7_marhab.kadinkotamalang.com\\7\\app\\Views\\user\\products\\index.php', 34)
 2 SYSTEMPATH\View\View.php(224): include('C:\\xampp\\htdocs\\7_marhab.kadinkotamalang.com\\7\\app\\Views\\user\\products\\index.php')
 3 SYSTEMPATH\View\View.php(227): CodeIgniter\View\View->CodeIgniter\View\{closure}()
 4 SYSTEMPATH\Common.php(1180): CodeIgniter\View\View->render('user/products/index', [], true)
 5 APPPATH\Controllers\user\Productsctrl.php(59): view('user/products/index', [...])
 6 SYSTEMPATH\CodeIgniter.php(932): App\Controllers\user\Productsctrl->index()
 7 SYSTEMPATH\CodeIgniter.php(497): CodeIgniter\CodeIgniter->runController(Object(App\Controllers\user\Productsctrl))
 8 SYSTEMPATH\CodeIgniter.php(366): CodeIgniter\CodeIgniter->handleRequest(null, Object(Config\Cache), false)
 9 FCPATH\index.php(67): CodeIgniter\CodeIgniter->run()
10 SYSTEMPATH\Commands\Server\rewrite.php(47): require_once('C:\\xampp\\htdocs\\7_marhab.kadinkotamalang.com\\7\\public\\index.php')
INFO - 2024-09-26 09:05:39 --> Session: Class initialized using 'CodeIgniter\Session\Handlers\FileHandler' driver.
CRITICAL - 2024-09-26 09:05:39 --> Undefined array key "id_produk"
in APPPATH\Views\user\products\index.php on line 34.
 1 APPPATH\Views\user\products\index.php(34): CodeIgniter\Debug\Exceptions->errorHandler(2, 'Undefined array key "id_produk"', 'C:\\xampp\\htdocs\\7_marhab.kadinkotamalang.com\\7\\app\\Views\\user\\products\\index.php', 34)
 2 SYSTEMPATH\View\View.php(224): include('C:\\xampp\\htdocs\\7_marhab.kadinkotamalang.com\\7\\app\\Views\\user\\products\\index.php')
 3 SYSTEMPATH\View\View.php(227): CodeIgniter\View\View->CodeIgniter\View\{closure}()
 4 SYSTEMPATH\Common.php(1180): CodeIgniter\View\View->render('user/products/index', [], true)
 5 APPPATH\Controllers\user\Productsctrl.php(59): view('user/products/index', [...])
 6 SYSTEMPATH\CodeIgniter.php(932): App\Controllers\user\Productsctrl->index()
 7 SYSTEMPATH\CodeIgniter.php(497): CodeIgniter\CodeIgniter->runController(Object(App\Controllers\user\Productsctrl))
 8 SYSTEMPATH\CodeIgniter.php(366): CodeIgniter\CodeIgniter->handleRequest(null, Object(Config\Cache), false)
 9 FCPATH\index.php(67): CodeIgniter\CodeIgniter->run()
10 SYSTEMPATH\Commands\Server\rewrite.php(47): require_once('C:\\xampp\\htdocs\\7_marhab.kadinkotamalang.com\\7\\public\\index.php')
INFO - 2024-09-26 09:06:14 --> Session: Class initialized using 'CodeIgniter\Session\Handlers\FileHandler' driver.
INFO - 2024-09-26 09:06:16 --> Session: Class initialized using 'CodeIgniter\Session\Handlers\FileHandler' driver.
CRITICAL - 2024-09-26 09:06:16 --> Undefined array key "id_produk"
in APPPATH\Views\user\products\index.php on line 34.
 1 APPPATH\Views\user\products\index.php(34): CodeIgniter\Debug\Exceptions->errorHandler(2, 'Undefined array key "id_produk"', 'C:\\xampp\\htdocs\\7_marhab.kadinkotamalang.com\\7\\app\\Views\\user\\products\\index.php', 34)
 2 SYSTEMPATH\View\View.php(224): include('C:\\xampp\\htdocs\\7_marhab.kadinkotamalang.com\\7\\app\\Views\\user\\products\\index.php')
 3 SYSTEMPATH\View\View.php(227): CodeIgniter\View\View->CodeIgniter\View\{closure}()
 4 SYSTEMPATH\Common.php(1180): CodeIgniter\View\View->render('user/products/index', [], true)
 5 APPPATH\Controllers\user\Productsctrl.php(59): view('user/products/index', [...])
 6 SYSTEMPATH\CodeIgniter.php(932): App\Controllers\user\Productsctrl->index()
 7 SYSTEMPATH\CodeIgniter.php(497): CodeIgniter\CodeIgniter->runController(Object(App\Controllers\user\Productsctrl))
 8 SYSTEMPATH\CodeIgniter.php(366): CodeIgniter\CodeIgniter->handleRequest(null, Object(Config\Cache), false)
 9 FCPATH\index.php(67): CodeIgniter\CodeIgniter->run()
10 SYSTEMPATH\Commands\Server\rewrite.php(47): require_once('C:\\xampp\\htdocs\\7_marhab.kadinkotamalang.com\\7\\public\\index.php')
INFO - 2024-09-26 09:06:27 --> Session: Class initialized using 'CodeIgniter\Session\Handlers\FileHandler' driver.
CRITICAL - 2024-09-26 09:06:27 --> Undefined array key "id_produk"
in APPPATH\Views\user\products\index.php on line 34.
 1 APPPATH\Views\user\products\index.php(34): CodeIgniter\Debug\Exceptions->errorHandler(2, 'Undefined array key "id_produk"', 'C:\\xampp\\htdocs\\7_marhab.kadinkotamalang.com\\7\\app\\Views\\user\\products\\index.php', 34)
 2 SYSTEMPATH\View\View.php(224): include('C:\\xampp\\htdocs\\7_marhab.kadinkotamalang.com\\7\\app\\Views\\user\\products\\index.php')
 3 SYSTEMPATH\View\View.php(227): CodeIgniter\View\View->CodeIgniter\View\{closure}()
 4 SYSTEMPATH\Common.php(1180): CodeIgniter\View\View->render('user/products/index', [], true)
 5 APPPATH\Controllers\user\Productsctrl.php(59): view('user/products/index', [...])
 6 SYSTEMPATH\CodeIgniter.php(932): App\Controllers\user\Productsctrl->index()
 7 SYSTEMPATH\CodeIgniter.php(497): CodeIgniter\CodeIgniter->runController(Object(App\Controllers\user\Productsctrl))
 8 SYSTEMPATH\CodeIgniter.php(366): CodeIgniter\CodeIgniter->handleRequest(null, Object(Config\Cache), false)
 9 FCPATH\index.php(67): CodeIgniter\CodeIgniter->run()
10 SYSTEMPATH\Commands\Server\rewrite.php(47): require_once('C:\\xampp\\htdocs\\7_marhab.kadinkotamalang.com\\7\\public\\index.php')
INFO - 2024-09-26 09:09:50 --> Session: Class initialized using 'CodeIgniter\Session\Handlers\FileHandler' driver.
INFO - 2024-09-26 09:09:54 --> Session: Class initialized using 'CodeIgniter\Session\Handlers\FileHandler' driver.
INFO - 2024-09-26 09:09:58 --> Session: Class initialized using 'CodeIgniter\Session\Handlers\FileHandler' driver.
INFO - 2024-09-26 09:10:12 --> Session: Class initialized using 'CodeIgniter\Session\Handlers\FileHandler' driver.
CRITICAL - 2024-09-26 09:10:12 --> Undefined array key "id_produk"
in APPPATH\Views\user\products\index.php on line 34.
 1 APPPATH\Views\user\products\index.php(34): CodeIgniter\Debug\Exceptions->errorHandler(2, 'Undefined array key "id_produk"', 'C:\\xampp\\htdocs\\7_marhab.kadinkotamalang.com\\7\\app\\Views\\user\\products\\index.php', 34)
 2 SYSTEMPATH\View\View.php(224): include('C:\\xampp\\htdocs\\7_marhab.kadinkotamalang.com\\7\\app\\Views\\user\\products\\index.php')
 3 SYSTEMPATH\View\View.php(227): CodeIgniter\View\View->CodeIgniter\View\{closure}()
 4 SYSTEMPATH\Common.php(1180): CodeIgniter\View\View->render('user/products/index', [], true)
 5 APPPATH\Controllers\user\Productsctrl.php(59): view('user/products/index', [...])
 6 SYSTEMPATH\CodeIgniter.php(932): App\Controllers\user\Productsctrl->index()
 7 SYSTEMPATH\CodeIgniter.php(497): CodeIgniter\CodeIgniter->runController(Object(App\Controllers\user\Productsctrl))
 8 SYSTEMPATH\CodeIgniter.php(366): CodeIgniter\CodeIgniter->handleRequest(null, Object(Config\Cache), false)
 9 FCPATH\index.php(67): CodeIgniter\CodeIgniter->run()
10 SYSTEMPATH\Commands\Server\rewrite.php(47): require_once('C:\\xampp\\htdocs\\7_marhab.kadinkotamalang.com\\7\\public\\index.php')
INFO - 2024-09-26 09:12:09 --> Session: Class initialized using 'CodeIgniter\Session\Handlers\FileHandler' driver.
