INFO - 2024-09-10 03:21:32 --> Session: Class initialized using 'CodeIgniter\Session\Handlers\FileHandler' driver.
ERROR - 2024-09-10 03:21:32 --> Error connecting to the database: mysqli_sql_exception: Unknown database 'u1658729_tujuh' in C:\Users\62822\Documents\7_marhab.kadinkotamalang.com\7\system\Database\MySQLi\Connection.php:174
Stack trace:
#0 C:\Users\62822\Documents\7_marhab.kadinkotamalang.com\7\system\Database\MySQLi\Connection.php(174): mysqli->real_connect('localhost', 'root', '', 'u1658729_tujuh', 3306, '', 0)
#1 C:\Users\62822\Documents\7_marhab.kadinkotamalang.com\7\system\Database\BaseConnection.php(391): CodeIgniter\Database\MySQLi\Connection->connect(false)
#2 C:\Users\62822\Documents\7_marhab.kadinkotamalang.com\7\system\Database\BaseConnection.php(574): CodeIgniter\Database\BaseConnection->initialize()
#3 C:\Users\62822\Documents\7_marhab.kadinkotamalang.com\7\system\Database\BaseBuilder.php(1616): CodeIgniter\Database\BaseConnection->query('SELECT *\nFROM `...', Array, false)
#4 C:\Users\62822\Documents\7_marhab.kadinkotamalang.com\7\system\Model.php(241): CodeIgniter\Database\BaseBuilder->get()
#5 C:\Users\62822\Documents\7_marhab.kadinkotamalang.com\7\system\BaseModel.php(618): CodeIgniter\Model->doFindAll(0, 0)
#6 C:\Users\62822\Documents\7_marhab.kadinkotamalang.com\7\app\Controllers\user\Homectrl.php(29): CodeIgniter\BaseModel->findAll()
#7 C:\Users\62822\Documents\7_marhab.kadinkotamalang.com\7\system\CodeIgniter.php(932): App\Controllers\user\Homectrl->index()
#8 C:\Users\62822\Documents\7_marhab.kadinkotamalang.com\7\system\CodeIgniter.php(497): CodeIgniter\CodeIgniter->runController(Object(App\Controllers\user\Homectrl))
#9 C:\Users\62822\Documents\7_marhab.kadinkotamalang.com\7\system\CodeIgniter.php(366): CodeIgniter\CodeIgniter->handleRequest(NULL, Object(Config\Cache), false)
#10 C:\Users\62822\Documents\7_marhab.kadinkotamalang.com\7\public\index.php(67): CodeIgniter\CodeIgniter->run()
#11 C:\Users\62822\Documents\7_marhab.kadinkotamalang.com\7\system\Commands\Server\rewrite.php(47): require_once('C:\\Users\\62822\\...')
#12 {main}

Next CodeIgniter\Database\Exceptions\DatabaseException: Unknown database 'u1658729_tujuh' in C:\Users\62822\Documents\7_marhab.kadinkotamalang.com\7\system\Database\MySQLi\Connection.php:218
Stack trace:
#0 C:\Users\62822\Documents\7_marhab.kadinkotamalang.com\7\system\Database\BaseConnection.php(391): CodeIgniter\Database\MySQLi\Connection->connect(false)
#1 C:\Users\62822\Documents\7_marhab.kadinkotamalang.com\7\system\Database\BaseConnection.php(574): CodeIgniter\Database\BaseConnection->initialize()
#2 C:\Users\62822\Documents\7_marhab.kadinkotamalang.com\7\system\Database\BaseBuilder.php(1616): CodeIgniter\Database\BaseConnection->query('SELECT *\nFROM `...', Array, false)
#3 C:\Users\62822\Documents\7_marhab.kadinkotamalang.com\7\system\Model.php(241): CodeIgniter\Database\BaseBuilder->get()
#4 C:\Users\62822\Documents\7_marhab.kadinkotamalang.com\7\system\BaseModel.php(618): CodeIgniter\Model->doFindAll(0, 0)
#5 C:\Users\62822\Documents\7_marhab.kadinkotamalang.com\7\app\Controllers\user\Homectrl.php(29): CodeIgniter\BaseModel->findAll()
#6 C:\Users\62822\Documents\7_marhab.kadinkotamalang.com\7\system\CodeIgniter.php(932): App\Controllers\user\Homectrl->index()
#7 C:\Users\62822\Documents\7_marhab.kadinkotamalang.com\7\system\CodeIgniter.php(497): CodeIgniter\CodeIgniter->runController(Object(App\Controllers\user\Homectrl))
#8 C:\Users\62822\Documents\7_marhab.kadinkotamalang.com\7\system\CodeIgniter.php(366): CodeIgniter\CodeIgniter->handleRequest(NULL, Object(Config\Cache), false)
#9 C:\Users\62822\Documents\7_marhab.kadinkotamalang.com\7\public\index.php(67): CodeIgniter\CodeIgniter->run()
#10 C:\Users\62822\Documents\7_marhab.kadinkotamalang.com\7\system\Commands\Server\rewrite.php(47): require_once('C:\\Users\\62822\\...')
#11 {main}
CRITICAL - 2024-09-10 03:21:32 --> Unable to connect to the database.
Main connection [MySQLi]: Unknown database 'u1658729_tujuh'
in SYSTEMPATH\Database\BaseConnection.php on line 427.
 1 SYSTEMPATH\Database\BaseConnection.php(574): CodeIgniter\Database\BaseConnection->initialize()
 2 SYSTEMPATH\Database\BaseBuilder.php(1616): CodeIgniter\Database\BaseConnection->query('SELECT *
FROM `tb_profil`', [], false)
 3 SYSTEMPATH\Model.php(241): CodeIgniter\Database\BaseBuilder->get()
 4 SYSTEMPATH\BaseModel.php(618): CodeIgniter\Model->doFindAll(0, 0)
 5 APPPATH\Controllers\user\Homectrl.php(29): CodeIgniter\BaseModel->findAll()
 6 SYSTEMPATH\CodeIgniter.php(932): App\Controllers\user\Homectrl->index()
 7 SYSTEMPATH\CodeIgniter.php(497): CodeIgniter\CodeIgniter->runController(Object(App\Controllers\user\Homectrl))
 8 SYSTEMPATH\CodeIgniter.php(366): CodeIgniter\CodeIgniter->handleRequest(null, Object(Config\Cache), false)
 9 FCPATH\index.php(67): CodeIgniter\CodeIgniter->run()
10 SYSTEMPATH\Commands\Server\rewrite.php(47): require_once('C:\\Users\\62822\\Documents\\7_marhab.kadinkotamalang.com\\7\\public\\index.php')
INFO - 2024-09-10 03:22:21 --> Session: Class initialized using 'CodeIgniter\Session\Handlers\FileHandler' driver.
ERROR - 2024-09-10 03:22:21 --> Error connecting to the database: mysqli_sql_exception: Unknown database 'company_profile' in C:\Users\62822\Documents\7_marhab.kadinkotamalang.com\7\system\Database\MySQLi\Connection.php:174
Stack trace:
#0 C:\Users\62822\Documents\7_marhab.kadinkotamalang.com\7\system\Database\MySQLi\Connection.php(174): mysqli->real_connect('localhost', 'root', '', 'company_profile', 3306, '', 0)
#1 C:\Users\62822\Documents\7_marhab.kadinkotamalang.com\7\system\Database\BaseConnection.php(391): CodeIgniter\Database\MySQLi\Connection->connect(false)
#2 C:\Users\62822\Documents\7_marhab.kadinkotamalang.com\7\system\Database\BaseConnection.php(574): CodeIgniter\Database\BaseConnection->initialize()
#3 C:\Users\62822\Documents\7_marhab.kadinkotamalang.com\7\system\Database\BaseBuilder.php(1616): CodeIgniter\Database\BaseConnection->query('SELECT *\nFROM `...', Array, false)
#4 C:\Users\62822\Documents\7_marhab.kadinkotamalang.com\7\system\Model.php(241): CodeIgniter\Database\BaseBuilder->get()
#5 C:\Users\62822\Documents\7_marhab.kadinkotamalang.com\7\system\BaseModel.php(618): CodeIgniter\Model->doFindAll(0, 0)
#6 C:\Users\62822\Documents\7_marhab.kadinkotamalang.com\7\app\Controllers\user\Homectrl.php(29): CodeIgniter\BaseModel->findAll()
#7 C:\Users\62822\Documents\7_marhab.kadinkotamalang.com\7\system\CodeIgniter.php(932): App\Controllers\user\Homectrl->index()
#8 C:\Users\62822\Documents\7_marhab.kadinkotamalang.com\7\system\CodeIgniter.php(497): CodeIgniter\CodeIgniter->runController(Object(App\Controllers\user\Homectrl))
#9 C:\Users\62822\Documents\7_marhab.kadinkotamalang.com\7\system\CodeIgniter.php(366): CodeIgniter\CodeIgniter->handleRequest(NULL, Object(Config\Cache), false)
#10 C:\Users\62822\Documents\7_marhab.kadinkotamalang.com\7\public\index.php(67): CodeIgniter\CodeIgniter->run()
#11 C:\Users\62822\Documents\7_marhab.kadinkotamalang.com\7\system\Commands\Server\rewrite.php(47): require_once('C:\\Users\\62822\\...')
#12 {main}

Next CodeIgniter\Database\Exceptions\DatabaseException: Unknown database 'company_profile' in C:\Users\62822\Documents\7_marhab.kadinkotamalang.com\7\system\Database\MySQLi\Connection.php:218
Stack trace:
#0 C:\Users\62822\Documents\7_marhab.kadinkotamalang.com\7\system\Database\BaseConnection.php(391): CodeIgniter\Database\MySQLi\Connection->connect(false)
#1 C:\Users\62822\Documents\7_marhab.kadinkotamalang.com\7\system\Database\BaseConnection.php(574): CodeIgniter\Database\BaseConnection->initialize()
#2 C:\Users\62822\Documents\7_marhab.kadinkotamalang.com\7\system\Database\BaseBuilder.php(1616): CodeIgniter\Database\BaseConnection->query('SELECT *\nFROM `...', Array, false)
#3 C:\Users\62822\Documents\7_marhab.kadinkotamalang.com\7\system\Model.php(241): CodeIgniter\Database\BaseBuilder->get()
#4 C:\Users\62822\Documents\7_marhab.kadinkotamalang.com\7\system\BaseModel.php(618): CodeIgniter\Model->doFindAll(0, 0)
#5 C:\Users\62822\Documents\7_marhab.kadinkotamalang.com\7\app\Controllers\user\Homectrl.php(29): CodeIgniter\BaseModel->findAll()
#6 C:\Users\62822\Documents\7_marhab.kadinkotamalang.com\7\system\CodeIgniter.php(932): App\Controllers\user\Homectrl->index()
#7 C:\Users\62822\Documents\7_marhab.kadinkotamalang.com\7\system\CodeIgniter.php(497): CodeIgniter\CodeIgniter->runController(Object(App\Controllers\user\Homectrl))
#8 C:\Users\62822\Documents\7_marhab.kadinkotamalang.com\7\system\CodeIgniter.php(366): CodeIgniter\CodeIgniter->handleRequest(NULL, Object(Config\Cache), false)
#9 C:\Users\62822\Documents\7_marhab.kadinkotamalang.com\7\public\index.php(67): CodeIgniter\CodeIgniter->run()
#10 C:\Users\62822\Documents\7_marhab.kadinkotamalang.com\7\system\Commands\Server\rewrite.php(47): require_once('C:\\Users\\62822\\...')
#11 {main}
CRITICAL - 2024-09-10 03:22:21 --> Unable to connect to the database.
Main connection [MySQLi]: Unknown database 'company_profile'
in SYSTEMPATH\Database\BaseConnection.php on line 427.
 1 SYSTEMPATH\Database\BaseConnection.php(574): CodeIgniter\Database\BaseConnection->initialize()
 2 SYSTEMPATH\Database\BaseBuilder.php(1616): CodeIgniter\Database\BaseConnection->query('SELECT *
FROM `tb_profil`', [], false)
 3 SYSTEMPATH\Model.php(241): CodeIgniter\Database\BaseBuilder->get()
 4 SYSTEMPATH\BaseModel.php(618): CodeIgniter\Model->doFindAll(0, 0)
 5 APPPATH\Controllers\user\Homectrl.php(29): CodeIgniter\BaseModel->findAll()
 6 SYSTEMPATH\CodeIgniter.php(932): App\Controllers\user\Homectrl->index()
 7 SYSTEMPATH\CodeIgniter.php(497): CodeIgniter\CodeIgniter->runController(Object(App\Controllers\user\Homectrl))
 8 SYSTEMPATH\CodeIgniter.php(366): CodeIgniter\CodeIgniter->handleRequest(null, Object(Config\Cache), false)
 9 FCPATH\index.php(67): CodeIgniter\CodeIgniter->run()
10 SYSTEMPATH\Commands\Server\rewrite.php(47): require_once('C:\\Users\\62822\\Documents\\7_marhab.kadinkotamalang.com\\7\\public\\index.php')
INFO - 2024-09-10 03:23:06 --> Session: Class initialized using 'CodeIgniter\Session\Handlers\FileHandler' driver.
INFO - 2024-09-10 03:26:18 --> Session: Class initialized using 'CodeIgniter\Session\Handlers\FileHandler' driver.
INFO - 2024-09-10 03:26:20 --> Session: Class initialized using 'CodeIgniter\Session\Handlers\FileHandler' driver.
INFO - 2024-09-10 03:26:28 --> Session: Class initialized using 'CodeIgniter\Session\Handlers\FileHandler' driver.
INFO - 2024-09-10 03:30:42 --> Session: Class initialized using 'CodeIgniter\Session\Handlers\FileHandler' driver.
INFO - 2024-09-10 03:31:34 --> Session: Class initialized using 'CodeIgniter\Session\Handlers\FileHandler' driver.
INFO - 2024-09-10 03:31:43 --> Session: Class initialized using 'CodeIgniter\Session\Handlers\FileHandler' driver.
INFO - 2024-09-10 03:31:45 --> Session: Class initialized using 'CodeIgniter\Session\Handlers\FileHandler' driver.
INFO - 2024-09-10 03:36:29 --> Session: Class initialized using 'CodeIgniter\Session\Handlers\FileHandler' driver.
INFO - 2024-09-10 03:37:25 --> Session: Class initialized using 'CodeIgniter\Session\Handlers\FileHandler' driver.
INFO - 2024-09-10 03:46:19 --> Session: Class initialized using 'CodeIgniter\Session\Handlers\FileHandler' driver.
INFO - 2024-09-10 03:46:21 --> Session: Class initialized using 'CodeIgniter\Session\Handlers\FileHandler' driver.
INFO - 2024-09-10 03:47:43 --> Session: Class initialized using 'CodeIgniter\Session\Handlers\FileHandler' driver.
INFO - 2024-09-10 03:48:17 --> Session: Class initialized using 'CodeIgniter\Session\Handlers\FileHandler' driver.
INFO - 2024-09-10 03:54:53 --> Session: Class initialized using 'CodeIgniter\Session\Handlers\FileHandler' driver.
INFO - 2024-09-10 03:54:56 --> Session: Class initialized using 'CodeIgniter\Session\Handlers\FileHandler' driver.
INFO - 2024-09-10 03:54:58 --> Session: Class initialized using 'CodeIgniter\Session\Handlers\FileHandler' driver.
INFO - 2024-09-10 03:55:05 --> Session: Class initialized using 'CodeIgniter\Session\Handlers\FileHandler' driver.
INFO - 2024-09-10 03:55:38 --> Session: Class initialized using 'CodeIgniter\Session\Handlers\FileHandler' driver.
INFO - 2024-09-10 03:55:44 --> Session: Class initialized using 'CodeIgniter\Session\Handlers\FileHandler' driver.
INFO - 2024-09-10 03:55:45 --> Session: Class initialized using 'CodeIgniter\Session\Handlers\FileHandler' driver.
INFO - 2024-09-10 04:06:23 --> Session: Class initialized using 'CodeIgniter\Session\Handlers\FileHandler' driver.
INFO - 2024-09-10 04:11:48 --> Session: Class initialized using 'CodeIgniter\Session\Handlers\FileHandler' driver.
INFO - 2024-09-10 04:19:40 --> Session: Class initialized using 'CodeIgniter\Session\Handlers\FileHandler' driver.
INFO - 2024-09-10 04:19:46 --> Session: Class initialized using 'CodeIgniter\Session\Handlers\FileHandler' driver.
INFO - 2024-09-10 04:21:01 --> Session: Class initialized using 'CodeIgniter\Session\Handlers\FileHandler' driver.
INFO - 2024-09-10 04:21:09 --> Session: Class initialized using 'CodeIgniter\Session\Handlers\FileHandler' driver.
INFO - 2024-09-10 04:21:13 --> Session: Class initialized using 'CodeIgniter\Session\Handlers\FileHandler' driver.
INFO - 2024-09-10 04:21:24 --> Session: Class initialized using 'CodeIgniter\Session\Handlers\FileHandler' driver.
INFO - 2024-09-10 04:23:52 --> Session: Class initialized using 'CodeIgniter\Session\Handlers\FileHandler' driver.
INFO - 2024-09-10 04:24:12 --> Session: Class initialized using 'CodeIgniter\Session\Handlers\FileHandler' driver.
INFO - 2024-09-10 04:24:21 --> Session: Class initialized using 'CodeIgniter\Session\Handlers\FileHandler' driver.
INFO - 2024-09-10 04:24:23 --> Session: Class initialized using 'CodeIgniter\Session\Handlers\FileHandler' driver.
INFO - 2024-09-10 04:27:00 --> Session: Class initialized using 'CodeIgniter\Session\Handlers\FileHandler' driver.
INFO - 2024-09-10 04:27:02 --> Session: Class initialized using 'CodeIgniter\Session\Handlers\FileHandler' driver.
INFO - 2024-09-10 04:27:08 --> Session: Class initialized using 'CodeIgniter\Session\Handlers\FileHandler' driver.
INFO - 2024-09-10 04:27:11 --> Session: Class initialized using 'CodeIgniter\Session\Handlers\FileHandler' driver.
INFO - 2024-09-10 04:27:12 --> Session: Class initialized using 'CodeIgniter\Session\Handlers\FileHandler' driver.
INFO - 2024-09-10 04:27:21 --> Session: Class initialized using 'CodeIgniter\Session\Handlers\FileHandler' driver.
INFO - 2024-09-10 04:27:26 --> Session: Class initialized using 'CodeIgniter\Session\Handlers\FileHandler' driver.
INFO - 2024-09-10 04:27:33 --> Session: Class initialized using 'CodeIgniter\Session\Handlers\FileHandler' driver.
INFO - 2024-09-10 04:27:39 --> Session: Class initialized using 'CodeIgniter\Session\Handlers\FileHandler' driver.
INFO - 2024-09-10 04:30:01 --> Session: Class initialized using 'CodeIgniter\Session\Handlers\FileHandler' driver.
INFO - 2024-09-10 04:30:39 --> Session: Class initialized using 'CodeIgniter\Session\Handlers\FileHandler' driver.
INFO - 2024-09-10 04:30:47 --> Session: Class initialized using 'CodeIgniter\Session\Handlers\FileHandler' driver.
INFO - 2024-09-10 04:30:51 --> Session: Class initialized using 'CodeIgniter\Session\Handlers\FileHandler' driver.
INFO - 2024-09-10 04:30:54 --> Session: Class initialized using 'CodeIgniter\Session\Handlers\FileHandler' driver.
INFO - 2024-09-10 04:31:00 --> Session: Class initialized using 'CodeIgniter\Session\Handlers\FileHandler' driver.
INFO - 2024-09-10 04:31:05 --> Session: Class initialized using 'CodeIgniter\Session\Handlers\FileHandler' driver.
INFO - 2024-09-10 04:31:10 --> Session: Class initialized using 'CodeIgniter\Session\Handlers\FileHandler' driver.
INFO - 2024-09-10 04:31:14 --> Session: Class initialized using 'CodeIgniter\Session\Handlers\FileHandler' driver.
INFO - 2024-09-10 04:31:17 --> Session: Class initialized using 'CodeIgniter\Session\Handlers\FileHandler' driver.
INFO - 2024-09-10 04:31:20 --> Session: Class initialized using 'CodeIgniter\Session\Handlers\FileHandler' driver.
INFO - 2024-09-10 04:31:22 --> Session: Class initialized using 'CodeIgniter\Session\Handlers\FileHandler' driver.
INFO - 2024-09-10 04:39:07 --> Session: Class initialized using 'CodeIgniter\Session\Handlers\FileHandler' driver.
INFO - 2024-09-10 04:39:12 --> Session: Class initialized using 'CodeIgniter\Session\Handlers\FileHandler' driver.
INFO - 2024-09-10 04:39:18 --> Session: Class initialized using 'CodeIgniter\Session\Handlers\FileHandler' driver.
INFO - 2024-09-10 04:39:21 --> Session: Class initialized using 'CodeIgniter\Session\Handlers\FileHandler' driver.
INFO - 2024-09-10 04:39:25 --> Session: Class initialized using 'CodeIgniter\Session\Handlers\FileHandler' driver.
INFO - 2024-09-10 04:39:31 --> Session: Class initialized using 'CodeIgniter\Session\Handlers\FileHandler' driver.
INFO - 2024-09-10 04:39:37 --> Session: Class initialized using 'CodeIgniter\Session\Handlers\FileHandler' driver.
INFO - 2024-09-10 04:39:40 --> Session: Class initialized using 'CodeIgniter\Session\Handlers\FileHandler' driver.
INFO - 2024-09-10 04:40:14 --> Session: Class initialized using 'CodeIgniter\Session\Handlers\FileHandler' driver.
INFO - 2024-09-10 04:40:23 --> Session: Class initialized using 'CodeIgniter\Session\Handlers\FileHandler' driver.
INFO - 2024-09-10 04:40:25 --> Session: Class initialized using 'CodeIgniter\Session\Handlers\FileHandler' driver.
INFO - 2024-09-10 04:41:08 --> Session: Class initialized using 'CodeIgniter\Session\Handlers\FileHandler' driver.
INFO - 2024-09-10 04:41:14 --> Session: Class initialized using 'CodeIgniter\Session\Handlers\FileHandler' driver.
INFO - 2024-09-10 04:41:18 --> Session: Class initialized using 'CodeIgniter\Session\Handlers\FileHandler' driver.
INFO - 2024-09-10 04:41:20 --> Session: Class initialized using 'CodeIgniter\Session\Handlers\FileHandler' driver.
INFO - 2024-09-10 04:41:23 --> Session: Class initialized using 'CodeIgniter\Session\Handlers\FileHandler' driver.
INFO - 2024-09-10 04:41:25 --> Session: Class initialized using 'CodeIgniter\Session\Handlers\FileHandler' driver.
INFO - 2024-09-10 04:41:34 --> Session: Class initialized using 'CodeIgniter\Session\Handlers\FileHandler' driver.
INFO - 2024-09-10 04:41:37 --> Session: Class initialized using 'CodeIgniter\Session\Handlers\FileHandler' driver.
INFO - 2024-09-10 04:41:39 --> Session: Class initialized using 'CodeIgniter\Session\Handlers\FileHandler' driver.
INFO - 2024-09-10 04:41:43 --> Session: Class initialized using 'CodeIgniter\Session\Handlers\FileHandler' driver.
